<?xml version="1.0" encoding="UTF-8"?>
<!-- Generated by org.testng.reporters.JUnitReportReporter -->
<testsuite hostname="lukesha-Lenovo-G50-70" failures="0" tests="1" name="testCases.CarLoanTest" time="0.004" errors="0" timestamp="24 Apr 2023 17:34:07 GMT" skipped="0">
  <testcase classname="testCases.CarLoanTest" name="test3" time="0.004"/>
</testsuite> <!-- testCases.CarLoanTest -->
