<?xml version="1.0" encoding="UTF-8"?>
<!-- Generated by org.testng.reporters.JUnitReportReporter -->
<testsuite hostname="lukesha-Lenovo-G50-70" failures="0" tests="2" name="testCases.HomeLoanTest" time="0.026" errors="0" timestamp="25 Apr 2023 07:53:14 GMT" skipped="0">
  <testcase classname="testCases.HomeLoanTest" name="test2" time="0.022"/>
  <testcase classname="testCases.HomeLoanTest" name="test1" time="0.004"/>
</testsuite> <!-- testCases.HomeLoanTest -->
