<?xml version="1.0" encoding="UTF-8"?>
<!-- Generated by org.testng.reporters.JUnitReportReporter -->
<testsuite hostname="lukesha-Lenovo-G50-70" failures="0" tests="1" name="testCases.CreditCardTest" time="0.005" errors="0" timestamp="25 Apr 2023 07:53:14 GMT" skipped="0">
  <testcase classname="testCases.CreditCardTest" name="test4" time="0.005"/>
</testsuite> <!-- testCases.CreditCardTest -->
