<?xml version="1.0" encoding="UTF-8"?>
<!-- Generated by org.testng.reporters.JUnitReportReporter -->
<testsuite hostname="lukesha-Lenovo-G50-70" failures="0" tests="1" name="testCases.CreditCardTest" time="0.010" errors="0" timestamp="25 Apr 2023 08:22:48 GMT" skipped="0">
  <testcase classname="testCases.CreditCardTest" name="test4" time="0.010"/>
</testsuite> <!-- testCases.CreditCardTest -->
