<?xml version="1.0" encoding="UTF-8"?>
<!-- Generated by org.testng.reporters.JUnitReportReporter -->
<testsuite hostname="lukesha-Lenovo-G50-70" failures="0" tests="1" name="testCases.HomeLoanTest" time="0.002" errors="0" timestamp="25 Apr 2023 08:22:48 GMT" skipped="0">
  <testcase classname="testCases.HomeLoanTest" name="test2" time="0.002"/>
</testsuite> <!-- testCases.HomeLoanTest -->
